[2025-12-09T22:37:37.620+0000] {taskinstance.py:1159} INFO - Dependencies all met for dep_context=non-requeueable deps ti=<TaskInstance: autoinsight_data_pipeline.fetch_fred_data scheduled__2025-12-08T02:00:00+00:00 [queued]>
[2025-12-09T22:37:37.638+0000] {taskinstance.py:1159} INFO - Dependencies all met for dep_context=requeueable deps ti=<TaskInstance: autoinsight_data_pipeline.fetch_fred_data scheduled__2025-12-08T02:00:00+00:00 [queued]>
[2025-12-09T22:37:37.639+0000] {taskinstance.py:1361} INFO - Starting attempt 4 of 4
[2025-12-09T22:37:37.662+0000] {taskinstance.py:1382} INFO - Executing <Task(PythonOperator): fetch_fred_data> on 2025-12-08 02:00:00+00:00
[2025-12-09T22:37:37.675+0000] {standard_task_runner.py:57} INFO - Started process 5460 to run task
[2025-12-09T22:37:37.681+0000] {standard_task_runner.py:84} INFO - Running: ['***', 'tasks', 'run', 'autoinsight_data_pipeline', 'fetch_fred_data', 'scheduled__2025-12-08T02:00:00+00:00', '--job-id', '32', '--raw', '--subdir', 'DAGS_FOLDER/autoinsight_data_pipeline.py', '--cfg-path', '/tmp/tmp8m8xsj8f']
[2025-12-09T22:37:37.688+0000] {standard_task_runner.py:85} INFO - Job 32: Subtask fetch_fred_data
[2025-12-09T22:37:37.809+0000] {task_command.py:416} INFO - Running <TaskInstance: autoinsight_data_pipeline.fetch_fred_data scheduled__2025-12-08T02:00:00+00:00 [running]> on host 09126cf425ed
[2025-12-09T22:37:38.257+0000] {taskinstance.py:1662} INFO - Exporting env vars: AIRFLOW_CTX_DAG_EMAIL='autoinsight@example.com' AIRFLOW_CTX_DAG_OWNER='autoinsight-team' AIRFLOW_CTX_DAG_ID='autoinsight_data_pipeline' AIRFLOW_CTX_TASK_ID='fetch_fred_data' AIRFLOW_CTX_EXECUTION_DATE='2025-12-08T02:00:00+00:00' AIRFLOW_CTX_TRY_NUMBER='4' AIRFLOW_CTX_DAG_RUN_ID='scheduled__2025-12-08T02:00:00+00:00'
[2025-12-09T22:37:38.259+0000] {logging_mixin.py:154} INFO - ======================================================================
[2025-12-09T22:37:38.260+0000] {logging_mixin.py:154} INFO - TASK 2: FRED Economic Data Collection
[2025-12-09T22:37:38.260+0000] {logging_mixin.py:154} INFO - ======================================================================
[2025-12-09T22:37:38.394+0000] {logging_mixin.py:154} INFO - ‚ùå FRED Data Collection Failed: cannot import name 'main' from 'data_cleaning.get_fred_data' (/opt/***/src/data_cleaning/get_fred_data.py)
[2025-12-09T22:37:38.400+0000] {logging_mixin.py:154} WARNING - Traceback (most recent call last):
[2025-12-09T22:37:38.401+0000] {logging_mixin.py:154} WARNING -   File "/opt/***/dags/autoinsight_data_pipeline.py", line 92, in fetch_fred_data
    from data_cleaning.get_fred_data import main as fred_main
[2025-12-09T22:37:38.402+0000] {logging_mixin.py:154} WARNING - ImportError: cannot import name 'main' from 'data_cleaning.get_fred_data' (/opt/***/src/data_cleaning/get_fred_data.py)
[2025-12-09T22:37:38.403+0000] {taskinstance.py:1937} ERROR - Task failed with exception
Traceback (most recent call last):
  File "/home/airflow/.local/lib/python3.11/site-packages/airflow/operators/python.py", line 192, in execute
    return_value = self.execute_callable()
                   ^^^^^^^^^^^^^^^^^^^^^^^
  File "/home/airflow/.local/lib/python3.11/site-packages/airflow/operators/python.py", line 209, in execute_callable
    return self.python_callable(*self.op_args, **self.op_kwargs)
           ^^^^^^^^^^^^^^^^^^^^^^^^^^^^^^^^^^^^^^^^^^^^^^^^^^^^^
  File "/opt/airflow/dags/autoinsight_data_pipeline.py", line 92, in fetch_fred_data
    from data_cleaning.get_fred_data import main as fred_main
ImportError: cannot import name 'main' from 'data_cleaning.get_fred_data' (/opt/airflow/src/data_cleaning/get_fred_data.py)
[2025-12-09T22:37:38.417+0000] {taskinstance.py:1400} INFO - Marking task as FAILED. dag_id=autoinsight_data_pipeline, task_id=fetch_fred_data, execution_date=20251208T020000, start_date=20251209T223737, end_date=20251209T223738
[2025-12-09T22:37:38.434+0000] {logging_mixin.py:154} WARNING - /home/***/.local/lib/python3.11/site-packages/***/utils/email.py:154 RemovedInAirflow3Warning: Fetching SMTP credentials from configuration variables will be deprecated in a future release. Please set credentials using a connection instead.
[2025-12-09T22:37:38.436+0000] {configuration.py:1050} WARNING - section/key [smtp/smtp_user] not found in config
[2025-12-09T22:37:38.437+0000] {email.py:270} INFO - Email alerting: attempt 1
[2025-12-09T22:37:38.446+0000] {configuration.py:1050} WARNING - section/key [smtp/smtp_user] not found in config
[2025-12-09T22:37:38.447+0000] {email.py:270} INFO - Email alerting: attempt 1
[2025-12-09T22:37:38.448+0000] {taskinstance.py:2007} ERROR - Failed to send email to: ['autoinsight@example.com']
Traceback (most recent call last):
  File "/home/airflow/.local/lib/python3.11/site-packages/airflow/models/taskinstance.py", line 1518, in _run_raw_task
    self._execute_task_with_callbacks(context, test_mode, session=session)
  File "/home/airflow/.local/lib/python3.11/site-packages/airflow/models/taskinstance.py", line 1681, in _execute_task_with_callbacks
    result = self._execute_task(context, task_orig)
             ^^^^^^^^^^^^^^^^^^^^^^^^^^^^^^^^^^^^^^
  File "/home/airflow/.local/lib/python3.11/site-packages/airflow/models/taskinstance.py", line 1739, in _execute_task
    result = execute_callable(context=context, **execute_callable_kwargs)
             ^^^^^^^^^^^^^^^^^^^^^^^^^^^^^^^^^^^^^^^^^^^^^^^^^^^^^^^^^^^^
  File "/home/airflow/.local/lib/python3.11/site-packages/airflow/operators/python.py", line 192, in execute
    return_value = self.execute_callable()
                   ^^^^^^^^^^^^^^^^^^^^^^^
  File "/home/airflow/.local/lib/python3.11/site-packages/airflow/operators/python.py", line 209, in execute_callable
    return self.python_callable(*self.op_args, **self.op_kwargs)
           ^^^^^^^^^^^^^^^^^^^^^^^^^^^^^^^^^^^^^^^^^^^^^^^^^^^^^
  File "/opt/airflow/dags/autoinsight_data_pipeline.py", line 92, in fetch_fred_data
    from data_cleaning.get_fred_data import main as fred_main
ImportError: cannot import name 'main' from 'data_cleaning.get_fred_data' (/opt/airflow/src/data_cleaning/get_fred_data.py)

During handling of the above exception, another exception occurred:

Traceback (most recent call last):
  File "/home/airflow/.local/lib/python3.11/site-packages/airflow/models/taskinstance.py", line 2420, in email_alert
    send_email(task.email, subject, html_content)
  File "/home/airflow/.local/lib/python3.11/site-packages/airflow/utils/email.py", line 80, in send_email
    return backend(
           ^^^^^^^^
  File "/home/airflow/.local/lib/python3.11/site-packages/airflow/utils/email.py", line 154, in send_email_smtp
    send_mime_email(e_from=mail_from, e_to=recipients, mime_msg=msg, conn_id=conn_id, dryrun=dryrun)
  File "/home/airflow/.local/lib/python3.11/site-packages/airflow/utils/email.py", line 272, in send_mime_email
    smtp_conn = _get_smtp_connection(smtp_host, smtp_port, smtp_timeout, smtp_ssl)
                ^^^^^^^^^^^^^^^^^^^^^^^^^^^^^^^^^^^^^^^^^^^^^^^^^^^^^^^^^^^^^^^^^^
  File "/home/airflow/.local/lib/python3.11/site-packages/airflow/utils/email.py", line 316, in _get_smtp_connection
    return smtplib.SMTP(host=host, port=port, timeout=timeout)
           ^^^^^^^^^^^^^^^^^^^^^^^^^^^^^^^^^^^^^^^^^^^^^^^^^^^
  File "/usr/local/lib/python3.11/smtplib.py", line 255, in __init__
    (code, msg) = self.connect(host, port)
                  ^^^^^^^^^^^^^^^^^^^^^^^^
  File "/usr/local/lib/python3.11/smtplib.py", line 341, in connect
    self.sock = self._get_socket(host, port, self.timeout)
                ^^^^^^^^^^^^^^^^^^^^^^^^^^^^^^^^^^^^^^^^^^
  File "/usr/local/lib/python3.11/smtplib.py", line 312, in _get_socket
    return socket.create_connection((host, port), timeout,
           ^^^^^^^^^^^^^^^^^^^^^^^^^^^^^^^^^^^^^^^^^^^^^^^
  File "/usr/local/lib/python3.11/socket.py", line 851, in create_connection
    raise exceptions[0]
  File "/usr/local/lib/python3.11/socket.py", line 836, in create_connection
    sock.connect(sa)
ConnectionRefusedError: [Errno 111] Connection refused

During handling of the above exception, another exception occurred:

Traceback (most recent call last):
  File "/home/airflow/.local/lib/python3.11/site-packages/airflow/models/taskinstance.py", line 2005, in handle_failure
    self.email_alert(error, task)
  File "/home/airflow/.local/lib/python3.11/site-packages/airflow/models/taskinstance.py", line 2422, in email_alert
    send_email(task.email, subject, html_content_err)
  File "/home/airflow/.local/lib/python3.11/site-packages/airflow/utils/email.py", line 80, in send_email
    return backend(
           ^^^^^^^^
  File "/home/airflow/.local/lib/python3.11/site-packages/airflow/utils/email.py", line 154, in send_email_smtp
    send_mime_email(e_from=mail_from, e_to=recipients, mime_msg=msg, conn_id=conn_id, dryrun=dryrun)
  File "/home/airflow/.local/lib/python3.11/site-packages/airflow/utils/email.py", line 272, in send_mime_email
    smtp_conn = _get_smtp_connection(smtp_host, smtp_port, smtp_timeout, smtp_ssl)
                ^^^^^^^^^^^^^^^^^^^^^^^^^^^^^^^^^^^^^^^^^^^^^^^^^^^^^^^^^^^^^^^^^^
  File "/home/airflow/.local/lib/python3.11/site-packages/airflow/utils/email.py", line 316, in _get_smtp_connection
    return smtplib.SMTP(host=host, port=port, timeout=timeout)
           ^^^^^^^^^^^^^^^^^^^^^^^^^^^^^^^^^^^^^^^^^^^^^^^^^^^
  File "/usr/local/lib/python3.11/smtplib.py", line 255, in __init__
    (code, msg) = self.connect(host, port)
                  ^^^^^^^^^^^^^^^^^^^^^^^^
  File "/usr/local/lib/python3.11/smtplib.py", line 341, in connect
    self.sock = self._get_socket(host, port, self.timeout)
                ^^^^^^^^^^^^^^^^^^^^^^^^^^^^^^^^^^^^^^^^^^
  File "/usr/local/lib/python3.11/smtplib.py", line 312, in _get_socket
    return socket.create_connection((host, port), timeout,
           ^^^^^^^^^^^^^^^^^^^^^^^^^^^^^^^^^^^^^^^^^^^^^^^
  File "/usr/local/lib/python3.11/socket.py", line 851, in create_connection
    raise exceptions[0]
  File "/usr/local/lib/python3.11/socket.py", line 836, in create_connection
    sock.connect(sa)
ConnectionRefusedError: [Errno 111] Connection refused
[2025-12-09T22:37:38.475+0000] {standard_task_runner.py:104} ERROR - Failed to execute job 32 for task fetch_fred_data (cannot import name 'main' from 'data_cleaning.get_fred_data' (/opt/airflow/src/data_cleaning/get_fred_data.py); 5460)
[2025-12-09T22:37:38.499+0000] {local_task_job_runner.py:228} INFO - Task exited with return code 1
[2025-12-09T22:37:38.530+0000] {taskinstance.py:2778} INFO - 0 downstream tasks scheduled from follow-on schedule check
